<?xml version="1.0" encoding="UTF-8"?>
<!-- Generated by org.testng.reporters.JUnitReportReporter -->
<testsuite skipped="0" hostname="Gajendras-MacBook-Air.local" name="module2.class4" tests="2" failures="0" timestamp="2021-02-11T13:21:26 IST" time="0.158" errors="0">
  <testcase name="test1" time="0.151" classname="module2.class4"/>
  <system-out/>
  <testcase name="test2" time="0.007" classname="module2.class4"/>
  <system-out/>
</testsuite> <!-- module2.class4 -->
