<?xml version="1.0" encoding="UTF-8"?>
<!-- Generated by org.testng.reporters.JUnitReportReporter -->
<testsuite skipped="0" hostname="Gajendras-MacBook-Air.local" name="module1.class1" tests="4" failures="0" timestamp="2021-02-11T13:21:26 IST" time="0.105" errors="0">
  <testcase name="test3" time="0.006" classname="module1.class1"/>
  <system-out/>
  <testcase name="test4" time="0.007" classname="module1.class1"/>
  <system-out/>
  <testcase name="test2" time="0.007" classname="module1.class1"/>
  <system-out/>
  <testcase name="test1" time="0.085" classname="module1.class1"/>
  <system-out/>
</testsuite> <!-- module1.class1 -->
