<?xml version="1.0" encoding="UTF-8"?>
<!-- Generated by org.testng.reporters.JUnitReportReporter -->
<testsuite skipped="0" hostname="Gajendras-MacBook-Air.local" name="module1.class3" tests="3" failures="0" timestamp="2021-02-11T13:21:26 IST" time="0.038" errors="0">
  <testcase name="test1" time="0.014" classname="module1.class3"/>
  <system-out/>
  <testcase name="test3" time="0.014" classname="module1.class3"/>
  <system-out/>
  <testcase name="test2" time="0.010" classname="module1.class3"/>
  <system-out/>
</testsuite> <!-- module1.class3 -->
