<?xml version="1.0" encoding="UTF-8"?>
<!-- Generated by org.testng.reporters.JUnitReportReporter -->
<testsuite skipped="0" hostname="Gajendras-MacBook-Air.local" name="module1.ExtentDemo" tests="1" failures="0" timestamp="2021-02-11T13:21:26 IST" time="5.969" errors="0">
  <testcase name="extentReportsDemo" time="5.969" classname="module1.ExtentDemo"/>
  <system-out/>
</testsuite> <!-- module1.ExtentDemo -->
