<?xml version="1.0" encoding="UTF-8"?>
<!-- Generated by org.testng.reporters.JUnitReportReporter -->
<testsuite skipped="0" hostname="Gajendras-MacBook-Air.local" name="module2.class2" tests="2" failures="0" timestamp="2021-02-11T13:21:26 IST" time="0.033" errors="0">
  <testcase name="test1" time="0.022" classname="module2.class2"/>
  <system-out/>
  <testcase name="test2" time="0.011" classname="module2.class2"/>
  <system-out/>
</testsuite> <!-- module2.class2 -->
