<?xml version="1.0" encoding="UTF-8"?>
<!-- Generated by org.testng.reporters.JUnitReportReporter -->
<testsuite skipped="0" hostname="Gajendras-MacBook-Air.local" name="module1.ExtentDemo" tests="1" failures="0" timestamp="10 Feb 2021 13:05:56 GMT" time="9.919" errors="0">
  <testcase name="extentReportsDemo" time="9.919" classname="module1.ExtentDemo"/>
</testsuite> <!-- module1.ExtentDemo -->
