<?xml version="1.0" encoding="UTF-8"?>
<!-- Generated by org.testng.reporters.JUnitReportReporter -->
<testsuite skipped="0" hostname="Gajendras-MacBook-Air.local" name="module1.class3" tests="3" failures="0" timestamp="10 Feb 2021 13:05:56 GMT" time="0.012" errors="0">
  <testcase name="test1" time="0.002" classname="module1.class3"/>
  <testcase name="test2" time="0.002" classname="module1.class3"/>
  <testcase name="test3" time="0.008" classname="module1.class3"/>
</testsuite> <!-- module1.class3 -->
