<?xml version="1.0" encoding="UTF-8"?>
<!-- Generated by org.testng.reporters.JUnitReportReporter -->
<testsuite skipped="0" hostname="Gajendras-MacBook-Air.local" name="module1.class1" tests="4" failures="0" timestamp="10 Feb 2021 13:05:56 GMT" time="0.079" errors="0">
  <testcase name="test4" time="0.004" classname="module1.class1"/>
  <testcase name="test1" time="0.069" classname="module1.class1"/>
  <testcase name="test3" time="0.003" classname="module1.class1"/>
  <testcase name="test2" time="0.003" classname="module1.class1"/>
</testsuite> <!-- module1.class1 -->
