<?xml version="1.0" encoding="UTF-8"?>
<!-- Generated by org.testng.reporters.JUnitReportReporter -->
<testsuite skipped="0" hostname="Gajendras-MacBook-Air.local" name="module2.class4" tests="2" failures="0" timestamp="10 Feb 2021 13:05:56 GMT" time="0.007" errors="0">
  <testcase name="test2" time="0.004" classname="module2.class4"/>
  <testcase name="test1" time="0.003" classname="module2.class4"/>
</testsuite> <!-- module2.class4 -->
